<?xml version="1.0" encoding="UTF-8"?>
<!-- Generated by org.testng.reporters.JUnitXMLReporter -->
<testsuite ignored="0" hostname="DESKTOP-5V897J8" failures="0" tests="8" name="Test1" time="25.137" errors="0" timestamp="2024-03-02T12:46:01 IST">
  <testcase classname="SurlelacTC.Frontpage" name="Abc1" time="2.106"/>
  <testcase classname="SurlelacTC.Frontpage" name="Abc2" time="3.237"/>
  <testcase classname="SurlelacTC.Frontpage" name="Abc3" time="1.058"/>
  <testcase classname="SurlelacTC.Frontpage" name="Abc4" time="1.389"/>
  <testcase classname="SurlelacTC.Frontpage" name="Abc5" time="4.188"/>
  <testcase classname="SurlelacTC.Frontpage" name="Abc6" time="1.736"/>
  <testcase classname="SurlelacTC.Frontpage" name="Abc7" time="1.084"/>
  <testcase classname="SurlelacTC.Frontpage" name="Abc8" time="1.599"/>
</testsuite> <!-- Test1 -->
