<?xml version="1.0" encoding="UTF-8"?>
<!-- Generated by org.testng.reporters.JUnitXMLReporter -->
<testsuite ignored="0" hostname="DESKTOP-5V897J8" failures="0" tests="7" name="Test4" time="12.795" errors="0" timestamp="2024-03-02T12:47:35 IST">
  <testcase classname="SurlelacTC.Shoppage" name="xyz1" time="1.727"/>
  <testcase classname="SurlelacTC.Shoppage" name="xyz2" time="0.123"/>
  <testcase classname="SurlelacTC.Shoppage" name="xyz3" time="0.877"/>
  <testcase classname="SurlelacTC.Shoppage" name="xyz4" time="0.121"/>
  <testcase classname="SurlelacTC.Shoppage" name="xyz5" time="1.291"/>
  <testcase classname="SurlelacTC.Shoppage" name="xyz6" time="2.064"/>
  <testcase classname="SurlelacTC.Shoppage" name="xyz7" time="2.086"/>
</testsuite> <!-- Test4 -->
