<?xml version="1.0" encoding="UTF-8"?>
<!-- Generated by org.testng.reporters.JUnitXMLReporter -->
<testsuite ignored="0" hostname="DESKTOP-5V897J8" failures="0" tests="6" name="Test3" time="21.994" errors="0" timestamp="2024-03-02T12:47:22 IST">
  <testcase classname="SurlelacTC.FooterPage" name="Wxy" time="2.191"/>
  <testcase classname="SurlelacTC.FooterPage" name="Wxy1" time="0.055"/>
  <testcase classname="SurlelacTC.FooterPage" name="Wxy2" time="2.35"/>
  <testcase classname="SurlelacTC.FooterPage" name="Wxy4" time="3.768"/>
  <testcase classname="SurlelacTC.FooterPage" name="Wxy5" time="4.665"/>
  <testcase classname="SurlelacTC.FooterPage" name="Wxy6" time="2.161"/>
</testsuite> <!-- Test3 -->
