<?xml version="1.0" encoding="UTF-8"?>
<!-- Generated by org.testng.reporters.JUnitXMLReporter -->
<testsuite ignored="0" hostname="DESKTOP-5V897J8" failures="0" tests="15" name="Test2" time="58.425" errors="0" timestamp="2024-03-02T12:47:00 IST">
  <testcase classname="SurlelacTC.HeaderPage" name="Wxy" time="3.134"/>
  <testcase classname="SurlelacTC.HeaderPage" name="Wxy1" time="3.155"/>
  <testcase classname="SurlelacTC.HeaderPage" name="Wxy2" time="0.113"/>
  <testcase classname="SurlelacTC.HeaderPage" name="Wxy3" time="1.058"/>
  <testcase classname="SurlelacTC.HeaderPage" name="Wxy4" time="1.869"/>
  <testcase classname="SurlelacTC.HeaderPage" name="Wxy5" time="5.501"/>
  <testcase classname="SurlelacTC.HeaderPage" name="Wxy6" time="5.538"/>
  <testcase classname="SurlelacTC.HeaderPage" name="Wxy7" time="5.779"/>
  <testcase classname="SurlelacTC.HeaderPage" name="Wxy8" time="5.523"/>
  <testcase classname="SurlelacTC.HeaderPage" name="Wxy9" time="5.781"/>
  <testcase classname="SurlelacTC.HeaderPage" name="Wxy10" time="6.58"/>
  <testcase classname="SurlelacTC.HeaderPage" name="Wxy11" time="0.243"/>
  <testcase classname="SurlelacTC.HeaderPage" name="Wxy12" time="0.089"/>
  <testcase classname="SurlelacTC.HeaderPage" name="Wxy13" time="0.117"/>
  <testcase classname="SurlelacTC.HeaderPage" name="Wxy14" time="1.912"/>
</testsuite> <!-- Test2 -->
